Temp/gradleOut/unityLibrary/build/intermediates/manifest_merge_blame_file/release/manifest-merger-blame-release-report.txt
1<?xml version="1.0" encoding="utf-8"?>
2<!-- GENERATED BY UNITY. REMOVE THIS COMMENT TO PREVENT OVERWRITING WHEN EXPORTING AGAIN -->
3<manifest xmlns:android="http://schemas.android.com/apk/res/android"
4    xmlns:tools="http://schemas.android.com/tools"
5    package="com.unity3d.player"
6    android:installLocation="auto"
7    android:versionCode="1"
8    android:versionName="0.1" >
9
10    <uses-sdk
11        android:minSdkVersion="23"
11-->src/main/AndroidManifest.xml
12        android:targetSdkVersion="29" />
12-->src/main/AndroidManifest.xml
13
14    <uses-feature android:glEsVersion="0x00030000" />
14-->src/main/AndroidManifest.xml:24:3-52
14-->src/main/AndroidManifest.xml:24:17-49
15    <uses-feature
15-->src/main/AndroidManifest.xml:25:3-88
16        android:name="android.hardware.touchscreen"
16-->src/main/AndroidManifest.xml:25:17-60
17        android:required="false" />
17-->src/main/AndroidManifest.xml:25:61-85
18    <uses-feature
18-->src/main/AndroidManifest.xml:26:3-99
19        android:name="android.hardware.touchscreen.multitouch"
19-->src/main/AndroidManifest.xml:26:17-71
20        android:required="false" />
20-->src/main/AndroidManifest.xml:26:72-96
21    <uses-feature
21-->src/main/AndroidManifest.xml:27:3-108
22        android:name="android.hardware.touchscreen.multitouch.distinct"
22-->src/main/AndroidManifest.xml:27:17-80
23        android:required="false" />
23-->src/main/AndroidManifest.xml:27:81-105
24    <uses-feature
24-->src/main/AndroidManifest.xml:28:3-111
25        android:name="android.hardware.vr.headtracking"
25-->src/main/AndroidManifest.xml:28:17-64
26        android:required="true"
26-->src/main/AndroidManifest.xml:28:65-88
27        android:version="1" />
27-->src/main/AndroidManifest.xml:28:89-108
28
29    <application>
29-->src/main/AndroidManifest.xml:4:3-23:17
30        <activity
30-->src/main/AndroidManifest.xml:5:5-14:16
31            android:name="com.unity3d.player.UnityPlayerActivity"
31-->src/main/AndroidManifest.xml:5:15-68
32            android:configChanges="keyboard|keyboardHidden|navigation|orientation|screenLayout|screenSize|uiMode"
32-->src/main/AndroidManifest.xml:5:204-305
33            android:hardwareAccelerated="false"
33-->src/main/AndroidManifest.xml:5:341-376
34            android:launchMode="singleTask"
34-->src/main/AndroidManifest.xml:5:172-203
35            android:resizeableActivity="false"
35-->src/main/AndroidManifest.xml:5:306-340
36            android:screenOrientation="landscape"
36-->src/main/AndroidManifest.xml:5:134-171
37            android:theme="@android:style/Theme.Black.NoTitleBar.Fullscreen" >
37-->src/main/AndroidManifest.xml:5:69-133
38            <intent-filter>
38-->src/main/AndroidManifest.xml:6:7-10:23
39                <action android:name="android.intent.action.MAIN" />
39-->src/main/AndroidManifest.xml:7:9-61
39-->src/main/AndroidManifest.xml:7:17-58
40
41                <category android:name="android.intent.category.LAUNCHER" />
41-->src/main/AndroidManifest.xml:8:9-69
41-->src/main/AndroidManifest.xml:8:19-66
42                <category android:name="com.oculus.intent.category.VR" />
42-->src/main/AndroidManifest.xml:9:9-66
42-->src/main/AndroidManifest.xml:9:19-63
43            </intent-filter>
44
45            <meta-data
45-->src/main/AndroidManifest.xml:11:7-82
46                android:name="unityplayer.UnityActivity"
46-->src/main/AndroidManifest.xml:11:18-58
47                android:value="true" />
47-->src/main/AndroidManifest.xml:11:59-79
48            <meta-data
48-->src/main/AndroidManifest.xml:12:7-78
49                android:name="android.notch_support"
49-->src/main/AndroidManifest.xml:12:18-54
50                android:value="true" />
50-->src/main/AndroidManifest.xml:12:55-75
51            <meta-data
51-->src/main/AndroidManifest.xml:13:7-81
52                android:name="com.oculus.vr.focusaware"
52-->src/main/AndroidManifest.xml:13:18-57
53                android:value="true" />
53-->src/main/AndroidManifest.xml:13:58-78
54        </activity>
55
56        <meta-data
56-->src/main/AndroidManifest.xml:15:5-69
57            android:name="unity.splash-mode"
57-->src/main/AndroidManifest.xml:15:16-48
58            android:value="0" />
58-->src/main/AndroidManifest.xml:15:49-66
59        <meta-data
59-->src/main/AndroidManifest.xml:16:5-74
60            android:name="unity.splash-enable"
60-->src/main/AndroidManifest.xml:16:16-50
61            android:value="True" />
61-->src/main/AndroidManifest.xml:16:51-71
62        <meta-data
62-->src/main/AndroidManifest.xml:17:5-84
63            android:name="unity.allow-resizable-window"
63-->src/main/AndroidManifest.xml:17:16-59
64            android:value="False" />
64-->src/main/AndroidManifest.xml:17:60-81
65        <meta-data
65-->src/main/AndroidManifest.xml:18:5-81
66            android:name="notch.config"
66-->src/main/AndroidManifest.xml:18:16-43
67            android:value="portrait|landscape" />
67-->src/main/AndroidManifest.xml:18:44-78
68        <meta-data
68-->src/main/AndroidManifest.xml:19:5-101
69            android:name="unity.build-id"
69-->src/main/AndroidManifest.xml:19:16-45
70            android:value="1cd4afd0-00ec-4b79-b6a6-074158cd6641" />
70-->src/main/AndroidManifest.xml:19:46-98
71        <meta-data
71-->src/main/AndroidManifest.xml:20:5-97
72            android:name="com.samsung.android.vr.application.mode"
72-->src/main/AndroidManifest.xml:20:16-70
73            android:value="vr_only" />
73-->src/main/AndroidManifest.xml:20:71-94
74        <meta-data
74-->src/main/AndroidManifest.xml:21:5-91
75            android:name="com.unity.xr.oculus.LowOverheadMode"
75-->src/main/AndroidManifest.xml:21:16-66
76            android:value="false" />
76-->src/main/AndroidManifest.xml:21:67-88
77        <meta-data
77-->src/main/AndroidManifest.xml:22:5-90
78            android:name="com.oculus.supportedDevices"
78-->src/main/AndroidManifest.xml:22:16-58
79            android:value="quest|quest2" />
79-->src/main/AndroidManifest.xml:22:59-87
80    </application>
81
82</manifest>